{"D:\\SIT 753 Prof Practice In IT\\Week 7\\HD\\task-manager\\src\\app.js": {"path":"D:\\SIT 753 Prof Practice In IT\\Week 7\\HD\\task-manager\\src\\app.js","statementMap":{"0":{"start":{"line":1,"column":16},"end":{"line":1,"column":34}},"1":{"start":{"line":2,"column":15},"end":{"line":2,"column":37}},"2":{"start":{"line":3,"column":19},"end":{"line":3,"column":44}},"3":{"start":{"line":5,"column":12},"end":{"line":5,"column":21}},"4":{"start":{"line":6,"column":0},"end":{"line":6,"column":24}},"5":{"start":{"line":9,"column":17},"end":{"line":9,"column":38}},"6":{"start":{"line":10,"column":0},"end":{"line":10,"column":43}},"7":{"start":{"line":11,"column":21},"end":{"line":16,"column":2}},"8":{"start":{"line":18,"column":0},"end":{"line":23,"column":3}},"9":{"start":{"line":19,"column":2},"end":{"line":21,"column":5}},"10":{"start":{"line":20,"column":4},"end":{"line":20,"column":86}},"11":{"start":{"line":22,"column":2},"end":{"line":22,"column":9}},"12":{"start":{"line":25,"column":0},"end":{"line":25,"column":30}},"13":{"start":{"line":26,"column":0},"end":{"line":29,"column":3}},"14":{"start":{"line":27,"column":2},"end":{"line":27,"column":48}},"15":{"start":{"line":28,"column":2},"end":{"line":28,"column":36}},"16":{"start":{"line":30,"column":0},"end":{"line":30,"column":61}},"17":{"start":{"line":30,"column":33},"end":{"line":30,"column":59}},"18":{"start":{"line":32,"column":0},"end":{"line":32,"column":21}},"19":{"start":{"line":33,"column":0},"end":{"line":33,"column":85}},"20":{"start":{"line":33,"column":29},"end":{"line":33,"column":85}},"21":{"start":{"line":33,"column":52},"end":{"line":33,"column":83}}},"fnMap":{"0":{"name":"(anonymous_0)","decl":{"start":{"line":18,"column":8},"end":{"line":18,"column":9}},"loc":{"start":{"line":18,"column":28},"end":{"line":23,"column":1}},"line":18},"1":{"name":"(anonymous_1)","decl":{"start":{"line":19,"column":19},"end":{"line":19,"column":20}},"loc":{"start":{"line":19,"column":25},"end":{"line":21,"column":3}},"line":19},"2":{"name":"(anonymous_2)","decl":{"start":{"line":26,"column":20},"end":{"line":26,"column":21}},"loc":{"start":{"line":26,"column":40},"end":{"line":29,"column":1}},"line":26},"3":{"name":"(anonymous_3)","decl":{"start":{"line":30,"column":19},"end":{"line":30,"column":20}},"loc":{"start":{"line":30,"column":33},"end":{"line":30,"column":59}},"line":30},"4":{"name":"(anonymous_4)","decl":{"start":{"line":33,"column":46},"end":{"line":33,"column":47}},"loc":{"start":{"line":33,"column":52},"end":{"line":33,"column":83}},"line":33}},"branchMap":{"0":{"loc":{"start":{"line":33,"column":0},"end":{"line":33,"column":85}},"type":"if","locations":[{"start":{"line":33,"column":0},"end":{"line":33,"column":85}},{"start":{},"end":{}}],"line":33}},"s":{"0":1,"1":1,"2":1,"3":1,"4":1,"5":1,"6":1,"7":1,"8":1,"9":3,"10":3,"11":3,"12":1,"13":1,"14":0,"15":0,"16":1,"17":0,"18":1,"19":1,"20":0,"21":0},"f":{"0":3,"1":3,"2":0,"3":0,"4":0},"b":{"0":[0,1]},"_coverageSchema":"1a1c01bbd47fc00a2c39e90264f33305004495a9","hash":"f485509901dd56e2be3937054674b4ea5b64fa81"}
,"D:\\SIT 753 Prof Practice In IT\\Week 7\\HD\\task-manager\\src\\db.js": {"path":"D:\\SIT 753 Prof Practice In IT\\Week 7\\HD\\task-manager\\src\\db.js","statementMap":{"0":{"start":{"line":1,"column":17},"end":{"line":1,"column":42}},"1":{"start":{"line":2,"column":11},"end":{"line":2,"column":37}},"2":{"start":{"line":4,"column":0},"end":{"line":10,"column":3}},"3":{"start":{"line":12,"column":0},"end":{"line":12,"column":20}}},"fnMap":{},"branchMap":{},"s":{"0":1,"1":1,"2":1,"3":1},"f":{},"b":{},"_coverageSchema":"1a1c01bbd47fc00a2c39e90264f33305004495a9","hash":"621f00f2c36329e09303330c350aa45925cdba85"}
,"D:\\SIT 753 Prof Practice In IT\\Week 7\\HD\\task-manager\\src\\routes\\tasks.js": {"path":"D:\\SIT 753 Prof Practice In IT\\Week 7\\HD\\task-manager\\src\\routes\\tasks.js","statementMap":{"0":{"start":{"line":1,"column":16},"end":{"line":1,"column":34}},"1":{"start":{"line":2,"column":15},"end":{"line":2,"column":31}},"2":{"start":{"line":3,"column":11},"end":{"line":3,"column":27}},"3":{"start":{"line":5,"column":0},"end":{"line":8,"column":3}},"4":{"start":{"line":6,"column":16},"end":{"line":6,"column":55}},"5":{"start":{"line":7,"column":2},"end":{"line":7,"column":18}},"6":{"start":{"line":10,"column":0},"end":{"line":15,"column":3}},"7":{"start":{"line":11,"column":20},"end":{"line":11,"column":28}},"8":{"start":{"line":12,"column":2},"end":{"line":12,"column":71}},"9":{"start":{"line":12,"column":14},"end":{"line":12,"column":71}},"10":{"start":{"line":13,"column":17},"end":{"line":13,"column":78}},"11":{"start":{"line":14,"column":2},"end":{"line":14,"column":71}},"12":{"start":{"line":17,"column":0},"end":{"line":21,"column":3}},"13":{"start":{"line":18,"column":19},"end":{"line":18,"column":27}},"14":{"start":{"line":19,"column":2},"end":{"line":19,"column":88}},"15":{"start":{"line":20,"column":2},"end":{"line":20,"column":30}},"16":{"start":{"line":23,"column":0},"end":{"line":26,"column":3}},"17":{"start":{"line":24,"column":2},"end":{"line":24,"column":66}},"18":{"start":{"line":25,"column":2},"end":{"line":25,"column":30}},"19":{"start":{"line":28,"column":0},"end":{"line":28,"column":24}}},"fnMap":{"0":{"name":"(anonymous_0)","decl":{"start":{"line":5,"column":16},"end":{"line":5,"column":17}},"loc":{"start":{"line":5,"column":30},"end":{"line":8,"column":1}},"line":5},"1":{"name":"(anonymous_1)","decl":{"start":{"line":10,"column":17},"end":{"line":10,"column":18}},"loc":{"start":{"line":10,"column":31},"end":{"line":15,"column":1}},"line":10},"2":{"name":"(anonymous_2)","decl":{"start":{"line":17,"column":19},"end":{"line":17,"column":20}},"loc":{"start":{"line":17,"column":33},"end":{"line":21,"column":1}},"line":17},"3":{"name":"(anonymous_3)","decl":{"start":{"line":23,"column":22},"end":{"line":23,"column":23}},"loc":{"start":{"line":23,"column":36},"end":{"line":26,"column":1}},"line":23}},"branchMap":{"0":{"loc":{"start":{"line":12,"column":2},"end":{"line":12,"column":71}},"type":"if","locations":[{"start":{"line":12,"column":2},"end":{"line":12,"column":71}},{"start":{},"end":{}}],"line":12},"1":{"loc":{"start":{"line":19,"column":59},"end":{"line":19,"column":71}},"type":"cond-expr","locations":[{"start":{"line":19,"column":66},"end":{"line":19,"column":67}},{"start":{"line":19,"column":70},"end":{"line":19,"column":71}}],"line":19}},"s":{"0":1,"1":1,"2":1,"3":1,"4":1,"5":1,"6":1,"7":2,"8":2,"9":1,"10":1,"11":1,"12":1,"13":0,"14":0,"15":0,"16":1,"17":0,"18":0,"19":1},"f":{"0":1,"1":2,"2":0,"3":0},"b":{"0":[1,1],"1":[0,0]},"_coverageSchema":"1a1c01bbd47fc00a2c39e90264f33305004495a9","hash":"df07ee2406bbfa55e1b40f05c2832500596ad08c"}
}
