{"D:\\SIT 753 Prof Practice In IT\\Week 7\\HD\\task-manager\\src\\app.js": {"path":"D:\\SIT 753 Prof Practice In IT\\Week 7\\HD\\task-manager\\src\\app.js","statementMap":{"0":{"start":{"line":1,"column":16},"end":{"line":1,"column":34}},"1":{"start":{"line":2,"column":15},"end":{"line":2,"column":37}},"2":{"start":{"line":3,"column":19},"end":{"line":3,"column":44}},"3":{"start":{"line":5,"column":12},"end":{"line":5,"column":21}},"4":{"start":{"line":6,"column":0},"end":{"line":6,"column":24}},"5":{"start":{"line":9,"column":17},"end":{"line":9,"column":38}},"6":{"start":{"line":10,"column":0},"end":{"line":10,"column":43}},"7":{"start":{"line":11,"column":21},"end":{"line":16,"column":2}},"8":{"start":{"line":18,"column":0},"end":{"line":23,"column":3}},"9":{"start":{"line":19,"column":2},"end":{"line":21,"column":5}},"10":{"start":{"line":20,"column":4},"end":{"line":20,"column":86}},"11":{"start":{"line":22,"column":2},"end":{"line":22,"column":9}},"12":{"start":{"line":25,"column":0},"end":{"line":25,"column":30}},"13":{"start":{"line":26,"column":0},"end":{"line":29,"column":3}},"14":{"start":{"line":27,"column":2},"end":{"line":27,"column":48}},"15":{"start":{"line":28,"column":2},"end":{"line":28,"column":36}},"16":{"start":{"line":30,"column":0},"end":{"line":30,"column":61}},"17":{"start":{"line":30,"column":33},"end":{"line":30,"column":59}},"18":{"start":{"line":32,"column":0},"end":{"line":32,"column":21}},"19":{"start":{"line":33,"column":0},"end":{"line":33,"column":85}},"20":{"start":{"line":33,"column":29},"end":{"line":33,"column":85}},"21":{"start":{"line":33,"column":52},"end":{"line":33,"column":83}}},"fnMap":{"0":{"name":"(anonymous_0)","decl":{"start":{"line":18,"column":8},"end":{"line":18,"column":9}},"loc":{"start":{"line":18,"column":28},"end":{"line":23,"column":1}},"line":18},"1":{"name":"(anonymous_1)","decl":{"start":{"line":19,"column":19},"end":{"line":19,"column":20}},"loc":{"start":{"line":19,"column":25},"end":{"line":21,"column":3}},"line":19},"2":{"name":"(anonymous_2)","decl":{"start":{"line":26,"column":20},"end":{"line":26,"column":21}},"loc":{"start":{"line":26,"column":40},"end":{"line":29,"column":1}},"line":26},"3":{"name":"(anonymous_3)","decl":{"start":{"line":30,"column":19},"end":{"line":30,"column":20}},"loc":{"start":{"line":30,"column":33},"end":{"line":30,"column":59}},"line":30},"4":{"name":"(anonymous_4)","decl":{"start":{"line":33,"column":46},"end":{"line":33,"column":47}},"loc":{"start":{"line":33,"column":52},"end":{"line":33,"column":83}},"line":33}},"branchMap":{"0":{"loc":{"start":{"line":33,"column":0},"end":{"line":33,"column":85}},"type":"if","locations":[{"start":{"line":33,"column":0},"end":{"line":33,"column":85}},{"start":{},"end":{}}],"line":33}},"s":{"0":1,"1":1,"2":1,"3":1,"4":1,"5":1,"6":1,"7":1,"8":1,"9":3,"10":3,"11":3,"12":1,"13":1,"14":0,"15":0,"16":1,"17":0,"18":1,"19":1,"20":0,"21":0},"f":{"0":3,"1":3,"2":0,"3":0,"4":0},"b":{"0":[0,1]},"_coverageSchema":"1a1c01bbd47fc00a2c39e90264f33305004495a9","hash":"f485509901dd56e2be3937054674b4ea5b64fa81"}
,"D:\\SIT 753 Prof Practice In IT\\Week 7\\HD\\task-manager\\src\\db.js": {"path":"D:\\SIT 753 Prof Practice In IT\\Week 7\\HD\\task-manager\\src\\db.js","statementMap":{"0":{"start":{"line":1,"column":16},"end":{"line":1,"column":44}},"1":{"start":{"line":2,"column":11},"end":{"line":2,"column":45}},"2":{"start":{"line":4,"column":0},"end":{"line":12,"column":3}},"3":{"start":{"line":5,"column":2},"end":{"line":11,"column":5}},"4":{"start":{"line":14,"column":0},"end":{"line":14,"column":20}}},"fnMap":{"0":{"name":"(anonymous_0)","decl":{"start":{"line":4,"column":13},"end":{"line":4,"column":14}},"loc":{"start":{"line":4,"column":19},"end":{"line":12,"column":1}},"line":4}},"branchMap":{},"s":{"0":1,"1":1,"2":1,"3":1,"4":1},"f":{"0":1},"b":{},"_coverageSchema":"1a1c01bbd47fc00a2c39e90264f33305004495a9","hash":"e996a201debdea6fb99764c131240fb43b6a3375"}
,"D:\\SIT 753 Prof Practice In IT\\Week 7\\HD\\task-manager\\src\\routes\\tasks.js": {"path":"D:\\SIT 753 Prof Practice In IT\\Week 7\\HD\\task-manager\\src\\routes\\tasks.js","statementMap":{"0":{"start":{"line":1,"column":16},"end":{"line":1,"column":34}},"1":{"start":{"line":2,"column":15},"end":{"line":2,"column":31}},"2":{"start":{"line":3,"column":11},"end":{"line":3,"column":27}},"3":{"start":{"line":5,"column":0},"end":{"line":10,"column":3}},"4":{"start":{"line":6,"column":2},"end":{"line":9,"column":5}},"5":{"start":{"line":7,"column":4},"end":{"line":7,"column":65}},"6":{"start":{"line":7,"column":13},"end":{"line":7,"column":65}},"7":{"start":{"line":8,"column":4},"end":{"line":8,"column":19}},"8":{"start":{"line":12,"column":0},"end":{"line":19,"column":3}},"9":{"start":{"line":13,"column":20},"end":{"line":13,"column":28}},"10":{"start":{"line":14,"column":2},"end":{"line":14,"column":71}},"11":{"start":{"line":14,"column":14},"end":{"line":14,"column":71}},"12":{"start":{"line":15,"column":2},"end":{"line":18,"column":5}},"13":{"start":{"line":16,"column":4},"end":{"line":16,"column":65}},"14":{"start":{"line":16,"column":13},"end":{"line":16,"column":65}},"15":{"start":{"line":17,"column":4},"end":{"line":17,"column":62}},"16":{"start":{"line":21,"column":0},"end":{"line":27,"column":3}},"17":{"start":{"line":22,"column":19},"end":{"line":22,"column":27}},"18":{"start":{"line":23,"column":2},"end":{"line":26,"column":5}},"19":{"start":{"line":24,"column":4},"end":{"line":24,"column":65}},"20":{"start":{"line":24,"column":13},"end":{"line":24,"column":65}},"21":{"start":{"line":25,"column":4},"end":{"line":25,"column":32}},"22":{"start":{"line":29,"column":0},"end":{"line":34,"column":3}},"23":{"start":{"line":30,"column":2},"end":{"line":33,"column":5}},"24":{"start":{"line":31,"column":4},"end":{"line":31,"column":65}},"25":{"start":{"line":31,"column":13},"end":{"line":31,"column":65}},"26":{"start":{"line":32,"column":4},"end":{"line":32,"column":32}},"27":{"start":{"line":36,"column":0},"end":{"line":36,"column":24}}},"fnMap":{"0":{"name":"(anonymous_0)","decl":{"start":{"line":5,"column":16},"end":{"line":5,"column":17}},"loc":{"start":{"line":5,"column":30},"end":{"line":10,"column":1}},"line":5},"1":{"name":"(anonymous_1)","decl":{"start":{"line":6,"column":36},"end":{"line":6,"column":37}},"loc":{"start":{"line":6,"column":51},"end":{"line":9,"column":3}},"line":6},"2":{"name":"(anonymous_2)","decl":{"start":{"line":12,"column":17},"end":{"line":12,"column":18}},"loc":{"start":{"line":12,"column":31},"end":{"line":19,"column":1}},"line":12},"3":{"name":"(anonymous_3)","decl":{"start":{"line":15,"column":58},"end":{"line":15,"column":59}},"loc":{"start":{"line":15,"column":72},"end":{"line":18,"column":3}},"line":15},"4":{"name":"(anonymous_4)","decl":{"start":{"line":21,"column":19},"end":{"line":21,"column":20}},"loc":{"start":{"line":21,"column":33},"end":{"line":27,"column":1}},"line":21},"5":{"name":"(anonymous_5)","decl":{"start":{"line":23,"column":82},"end":{"line":23,"column":83}},"loc":{"start":{"line":23,"column":91},"end":{"line":26,"column":3}},"line":23},"6":{"name":"(anonymous_6)","decl":{"start":{"line":29,"column":22},"end":{"line":29,"column":23}},"loc":{"start":{"line":29,"column":36},"end":{"line":34,"column":1}},"line":29},"7":{"name":"(anonymous_7)","decl":{"start":{"line":30,"column":60},"end":{"line":30,"column":61}},"loc":{"start":{"line":30,"column":69},"end":{"line":33,"column":3}},"line":30}},"branchMap":{"0":{"loc":{"start":{"line":7,"column":4},"end":{"line":7,"column":65}},"type":"if","locations":[{"start":{"line":7,"column":4},"end":{"line":7,"column":65}},{"start":{},"end":{}}],"line":7},"1":{"loc":{"start":{"line":14,"column":2},"end":{"line":14,"column":71}},"type":"if","locations":[{"start":{"line":14,"column":2},"end":{"line":14,"column":71}},{"start":{},"end":{}}],"line":14},"2":{"loc":{"start":{"line":16,"column":4},"end":{"line":16,"column":65}},"type":"if","locations":[{"start":{"line":16,"column":4},"end":{"line":16,"column":65}},{"start":{},"end":{}}],"line":16},"3":{"loc":{"start":{"line":23,"column":52},"end":{"line":23,"column":64}},"type":"cond-expr","locations":[{"start":{"line":23,"column":59},"end":{"line":23,"column":60}},{"start":{"line":23,"column":63},"end":{"line":23,"column":64}}],"line":23},"4":{"loc":{"start":{"line":24,"column":4},"end":{"line":24,"column":65}},"type":"if","locations":[{"start":{"line":24,"column":4},"end":{"line":24,"column":65}},{"start":{},"end":{}}],"line":24},"5":{"loc":{"start":{"line":31,"column":4},"end":{"line":31,"column":65}},"type":"if","locations":[{"start":{"line":31,"column":4},"end":{"line":31,"column":65}},{"start":{},"end":{}}],"line":31}},"s":{"0":1,"1":1,"2":1,"3":1,"4":1,"5":1,"6":0,"7":1,"8":1,"9":2,"10":2,"11":1,"12":1,"13":1,"14":0,"15":1,"16":1,"17":0,"18":0,"19":0,"20":0,"21":0,"22":1,"23":0,"24":0,"25":0,"26":0,"27":1},"f":{"0":1,"1":1,"2":2,"3":1,"4":0,"5":0,"6":0,"7":0},"b":{"0":[0,1],"1":[1,1],"2":[0,1],"3":[0,0],"4":[0,0],"5":[0,0]},"_coverageSchema":"1a1c01bbd47fc00a2c39e90264f33305004495a9","hash":"d522cc3b07a8a325362d5f86383880f42c44599e"}
}
